#
# There is insufficient memory for the Java Runtime Environment to continue.
# Native memory allocation (mmap) failed to map 264241152 bytes. Error detail: G1 virtual space
# Possible reasons:
#   The system is out of physical RAM or swap space
#   This process is running with CompressedOops enabled, and the Java Heap may be blocking the growth of the native heap
# Possible solutions:
#   Reduce memory load on the system
#   Increase physical memory or swap space
#   Check if swap backing store is full
#   Decrease Java heap size (-Xmx/-Xms)
#   Decrease number of Java threads
#   Decrease Java thread stack sizes (-Xss)
#   Set larger code cache with -XX:ReservedCodeCacheSize=
#   JVM is running with Zero Based Compressed Oops mode in which the Java heap is
#     placed in the first 32GB address space. The Java Heap base address is the
#     maximum limit for the native heap growth. Please use -XX:HeapBaseMinAddress
#     to set the Java Heap base and to place the Java Heap above 32GB virtual address.
# This output file may be truncated or incomplete.
#
#  Out of Memory Error (os_windows.cpp:3613), pid=41708, tid=27824
#
# JRE version:  (17.0.11+9) (build )
# Java VM: OpenJDK 64-Bit Server VM (17.0.11+9-LTS, mixed mode, emulated-client, sharing, tiered, compressed oops, compressed class ptrs, g1 gc, windows-amd64)
# No core dump will be written. Minidumps are not enabled by default on client versions of Windows
#

---------------  S U M M A R Y ------------

Command Line: --add-opens=java.base/java.lang.invoke=ALL-UNNAMED -XX:TieredStopAtLevel=1 -Dspring.output.ansi.enabled=always -Dcom.sun.management.jmxremote -Dspring.jmx.enabled=true -Dspring.liveBeansView.mbeanDomain -Dspring.application.admin.enabled=true -Dmanagement.endpoints.jmx.exposure.include=* -javaagent:D:\Tools\IntelliJ IDEA 2024.1.1\lib\idea_rt.jar=57092:D:\Tools\IntelliJ IDEA 2024.1.1\bin -Dfile.encoding=UTF-8 com.snwolf.InterfaceApplication

Host: 12th Gen Intel(R) Core(TM) i7-12700H, 20 cores, 15G,  Windows 11 , 64 bit Build 22621 (10.0.22621.3527)
Time: Fri May 17 15:09:06 2024 China Standard Time elapsed time: 0.017624 seconds (0d 0h 0m 0s)

---------------  T H R E A D  ---------------

Current thread (0x00000234c74f8b60):  JavaThread "Unknown thread" [_thread_in_vm, id=27824, stack(0x00000037bdd00000,0x00000037bde00000)]

Stack: [0x00000037bdd00000,0x00000037bde00000]
Native frames: (J=compiled Java code, j=interpreted, Vv=VM code, C=native code)
V  [jvm.dll+0x67d009]
V  [jvm.dll+0x83489a]
V  [jvm.dll+0x83635e]
V  [jvm.dll+0x8369c3]
V  [jvm.dll+0x2479df]
V  [jvm.dll+0x679e49]
V  [jvm.dll+0x66e8ba]
V  [jvm.dll+0x30755b]
V  [jvm.dll+0x30ea06]
V  [jvm.dll+0x35e40e]
V  [jvm.dll+0x35e63f]
V  [jvm.dll+0x2de298]
V  [jvm.dll+0x2df204]
V  [jvm.dll+0x806221]
V  [jvm.dll+0x36c161]
V  [jvm.dll+0x7e4c56]
V  [jvm.dll+0x3ef9cf]
V  [jvm.dll+0x3f1521]
C  [jli.dll+0x528f]
C  [ucrtbase.dll+0x29333]
C  [KERNEL32.DLL+0x1257d]
C  [ntdll.dll+0x5aa48]


---------------  P R O C E S S  ---------------

Threads class SMR info:
_java_thread_list=0x00007ff9739feed8, length=0, elements={
}

Java Threads: ( => current thread )

Other Threads:
  0x00000234c7567a20 GCTaskThread "GC Thread#0" [stack: 0x00000037bde00000,0x00000037bdf00000] [id=19112]
  0x00000234c75784b0 ConcurrentGCThread "G1 Main Marker" [stack: 0x00000037bdf00000,0x00000037be000000] [id=19104]
  0x00000234c7578ed0 ConcurrentGCThread "G1 Conc#0" [stack: 0x00000037be000000,0x00000037be100000] [id=33660]

[error occurred during error reporting (printing all threads), id 0xc0000005, EXCEPTION_ACCESS_VIOLATION (0xc0000005) at pc=0x00007ff9731becd7]

VM state: not at safepoint (not fully initialized)

VM Mutex/Monitor currently owned by a thread:  ([mutex/lock_event])
[0x00000234c74f5970] Heap_lock - owner thread: 0x00000234c74f8b60

Heap address: 0x0000000704c00000, size: 4020 MB, Compressed Oops mode: Zero based, Oop shift amount: 3

CDS archive(s) mapped at: [0x0000000000000000-0x0000000000000000-0x0000000000000000), size 0, SharedBaseAddress: 0x0000000800000000, ArchiveRelocationMode: 1.
Narrow klass base: 0x0000000000000000, Narrow klass shift: 0, Narrow klass range: 0x0

GC Precious Log:
<Empty>

Heap:
 garbage-first heap   total 0K, used 0K [0x0000000704c00000, 0x0000000800000000)
  region size 2048K, 0 young (0K), 0 survivors (0K)

[error occurred during error reporting (printing heap information), id 0xc0000005, EXCEPTION_ACCESS_VIOLATION (0xc0000005) at pc=0x00007ff9735a6d29]

GC Heap History (0 events):
No events

Dll operation events (1 events):
Event: 0.010 Loaded shared library C:\Users\zhang\.jdks\corretto-17.0.11\bin\java.dll

Deoptimization events (0 events):
No events

Classes unloaded (0 events):
No events

Classes redefined (0 events):
No events

Internal exceptions (0 events):
No events

VM Operations (0 events):
No events

Events (0 events):
No events


Dynamic libraries:
0x00007ff6e88c0000 - 0x00007ff6e88ce000 	C:\Users\zhang\.jdks\corretto-17.0.11\bin\java.exe
0x00007ffa3abf0000 - 0x00007ffa3ae07000 	C:\WINDOWS\SYSTEM32\ntdll.dll
0x00007ffa394a0000 - 0x00007ffa39564000 	C:\WINDOWS\System32\KERNEL32.DLL
0x00007ffa38270000 - 0x00007ffa38617000 	C:\WINDOWS\System32\KERNELBASE.dll
0x00007ffa38740000 - 0x00007ffa38851000 	C:\WINDOWS\System32\ucrtbase.dll
0x00007ffa23db0000 - 0x00007ffa23dc7000 	C:\Users\zhang\.jdks\corretto-17.0.11\bin\jli.dll
0x00007ffa177b0000 - 0x00007ffa177cb000 	C:\Users\zhang\.jdks\corretto-17.0.11\bin\VCRUNTIME140.dll
0x00007ffa38930000 - 0x00007ffa38ade000 	C:\WINDOWS\System32\USER32.dll
0x00007ffa24a60000 - 0x00007ffa24cf3000 	C:\WINDOWS\WinSxS\amd64_microsoft.windows.common-controls_6595b64144ccf1df_6.0.22621.3527_none_270e469b73872a76\COMCTL32.dll
0x00007ffa37f10000 - 0x00007ffa37f36000 	C:\WINDOWS\System32\win32u.dll
0x00007ffa38ae0000 - 0x00007ffa38b87000 	C:\WINDOWS\System32\msvcrt.dll
0x00007ffa3aaf0000 - 0x00007ffa3ab19000 	C:\WINDOWS\System32\GDI32.dll
0x00007ffa38620000 - 0x00007ffa38739000 	C:\WINDOWS\System32\gdi32full.dll
0x00007ffa380e0000 - 0x00007ffa3817a000 	C:\WINDOWS\System32\msvcp_win.dll
0x00007ffa39720000 - 0x00007ffa39751000 	C:\WINDOWS\System32\IMM32.DLL
0x00007ffa23da0000 - 0x00007ffa23dac000 	C:\Users\zhang\.jdks\corretto-17.0.11\bin\vcruntime140_1.dll
0x00007ffa12a10000 - 0x00007ffa12a9d000 	C:\Users\zhang\.jdks\corretto-17.0.11\bin\msvcp140.dll
0x00007ff972ed0000 - 0x00007ff973b32000 	C:\Users\zhang\.jdks\corretto-17.0.11\bin\server\jvm.dll
0x00007ffa39780000 - 0x00007ffa39832000 	C:\WINDOWS\System32\ADVAPI32.dll
0x00007ffa3a170000 - 0x00007ffa3a218000 	C:\WINDOWS\System32\sechost.dll
0x00007ffa380b0000 - 0x00007ffa380d8000 	C:\WINDOWS\System32\bcrypt.dll
0x00007ffa39600000 - 0x00007ffa39715000 	C:\WINDOWS\System32\RPCRT4.dll
0x00007ffa0d430000 - 0x00007ffa0d439000 	C:\WINDOWS\SYSTEM32\WSOCK32.dll
0x00007ffa39570000 - 0x00007ffa395e1000 	C:\WINDOWS\System32\WS2_32.dll
0x00007ffa2e140000 - 0x00007ffa2e174000 	C:\WINDOWS\SYSTEM32\WINMM.dll
0x00007ffa36ff0000 - 0x00007ffa3703d000 	C:\WINDOWS\SYSTEM32\POWRPROF.dll
0x00007ffa2d6f0000 - 0x00007ffa2d6fa000 	C:\WINDOWS\SYSTEM32\VERSION.dll
0x00007ffa36fb0000 - 0x00007ffa36fc3000 	C:\WINDOWS\SYSTEM32\UMPDC.dll
0x00007ffa36fd0000 - 0x00007ffa36fe8000 	C:\WINDOWS\SYSTEM32\kernel.appcore.dll
0x00007ffa23770000 - 0x00007ffa2377a000 	C:\Users\zhang\.jdks\corretto-17.0.11\bin\jimage.dll
0x00007ffa355c0000 - 0x00007ffa357f2000 	C:\WINDOWS\SYSTEM32\DBGHELP.DLL
0x00007ffa39d00000 - 0x00007ffa3a088000 	C:\WINDOWS\System32\combase.dll
0x00007ffa399b0000 - 0x00007ffa39a87000 	C:\WINDOWS\System32\OLEAUT32.dll
0x00007ffa2b730000 - 0x00007ffa2b762000 	C:\WINDOWS\SYSTEM32\dbgcore.DLL
0x00007ffa38180000 - 0x00007ffa381f9000 	C:\WINDOWS\System32\bcryptPrimitives.dll
0x00007ffa23780000 - 0x00007ffa2378e000 	C:\Users\zhang\.jdks\corretto-17.0.11\bin\instrument.dll
0x00007ffa071f0000 - 0x00007ffa07215000 	C:\Users\zhang\.jdks\corretto-17.0.11\bin\java.dll

dbghelp: loaded successfully - version: 4.0.5 - missing functions: none
symbol engine: initialized successfully - sym options: 0x614 - pdb path: .;C:\Users\zhang\.jdks\corretto-17.0.11\bin;C:\WINDOWS\SYSTEM32;C:\WINDOWS\WinSxS\amd64_microsoft.windows.common-controls_6595b64144ccf1df_6.0.22621.3527_none_270e469b73872a76;C:\Users\zhang\.jdks\corretto-17.0.11\bin\server

VM Arguments:
jvm_args: --add-opens=java.base/java.lang.invoke=ALL-UNNAMED -XX:TieredStopAtLevel=1 -Dspring.output.ansi.enabled=always -Dcom.sun.management.jmxremote -Dspring.jmx.enabled=true -Dspring.liveBeansView.mbeanDomain -Dspring.application.admin.enabled=true -Dmanagement.endpoints.jmx.exposure.include=* -javaagent:D:\Tools\IntelliJ IDEA 2024.1.1\lib\idea_rt.jar=57092:D:\Tools\IntelliJ IDEA 2024.1.1\bin -Dfile.encoding=UTF-8 
java_command: com.snwolf.InterfaceApplication
java_class_path (initial): C:\Users\zhang\Desktop\dev\github_repo\sw-api-share\sw-interface\target\classes;C:\Users\zhang\.m2\repository\org\springframework\boot\spring-boot-starter-web\2.7.12\spring-boot-starter-web-2.7.12.jar;C:\Users\zhang\.m2\repository\org\springframework\boot\spring-boot-starter-json\2.7.12\spring-boot-starter-json-2.7.12.jar;C:\Users\zhang\.m2\repository\com\fasterxml\jackson\core\jackson-databind\2.16.2\jackson-databind-2.16.2.jar;C:\Users\zhang\.m2\repository\com\fasterxml\jackson\core\jackson-annotations\2.16.2\jackson-annotations-2.16.2.jar;C:\Users\zhang\.m2\repository\com\fasterxml\jackson\datatype\jackson-datatype-jdk8\2.13.5\jackson-datatype-jdk8-2.13.5.jar;C:\Users\zhang\.m2\repository\com\fasterxml\jackson\datatype\jackson-datatype-jsr310\2.16.2\jackson-datatype-jsr310-2.16.2.jar;C:\Users\zhang\.m2\repository\com\fasterxml\jackson\module\jackson-module-parameter-names\2.13.5\jackson-module-parameter-names-2.13.5.jar;C:\Users\zhang\.m2\repository\org\springframework\boot\spring-boot-starter-tomcat\2.7.12\spring-boot-starter-tomcat-2.7.12.jar;C:\Users\zhang\.m2\repository\org\apache\tomcat\embed\tomcat-embed-core\9.0.75\tomcat-embed-core-9.0.75.jar;C:\Users\zhang\.m2\repository\org\apache\tomcat\embed\tomcat-embed-el\9.0.75\tomcat-embed-el-9.0.75.jar;C:\Users\zhang\.m2\repository\org\apache\tomcat\embed\tomcat-embed-websocket\9.0.75\tomcat-embed-websocket-9.0.75.jar;C:\Users\zhang\.m2\repository\org\springframework\spring-web\5.3.25\spring-web-5.3.25.jar;C:\Users\zhang\.m2\repository\org\springframework\spring-beans\5.3.25\spring-beans-5.3.25.jar;C:\Users\zhang\.m2\repository\org\springframework\spring-webmvc\5.3.25\spring-webmvc-5.3.25.jar;C:\Users\zhang\.m2\repository\org\springframework\spring-aop\5.3.25\spring-aop-5.3.25.jar;C:\Users\zhang\.m2\repository\org\springframework\spring-context\5.3.25\spring-context-5.3.25.jar;C:\Users\zhang\.m2\repository\org\springframework\spring-expression\5.3.25\spring-expression-5.3.25.jar;C:\Us
Launcher Type: SUN_STANDARD

[Global flags]
     intx CICompilerCount                          = 12                                        {product} {ergonomic}
     uint ConcGCThreads                            = 4                                         {product} {ergonomic}
     uint G1ConcRefinementThreads                  = 15                                        {product} {ergonomic}
   size_t G1HeapRegionSize                         = 2097152                                   {product} {ergonomic}
    uintx GCDrainStackTargetSize                   = 64                                        {product} {ergonomic}
   size_t InitialHeapSize                          = 264241152                                 {product} {ergonomic}
     bool ManagementServer                         = true                                      {product} {command line}
   size_t MarkStackSize                            = 4194304                                   {product} {ergonomic}
   size_t MaxHeapSize                              = 4215275520                                {product} {ergonomic}
   size_t MinHeapDeltaBytes                        = 2097152                                   {product} {ergonomic}
   size_t MinHeapSize                              = 8388608                                   {product} {ergonomic}
    uintx NonProfiledCodeHeapSize                  = 0                                      {pd product} {ergonomic}
     bool ProfileInterpreter                       = false                                  {pd product} {command line}
    uintx ProfiledCodeHeapSize                     = 0                                      {pd product} {ergonomic}
   size_t SoftMaxHeapSize                          = 4215275520                             {manageable} {ergonomic}
     intx TieredStopAtLevel                        = 1                                         {product} {command line}
     bool UseCompressedClassPointers               = true                           {product lp64_product} {ergonomic}
     bool UseCompressedOops                        = true                           {product lp64_product} {ergonomic}
     bool UseG1GC                                  = true                                      {product} {ergonomic}
     bool UseLargePagesIndividualAllocation        = false                                  {pd product} {ergonomic}

Logging:
Log output configuration:
 #0: stdout all=warning uptime,level,tags
 #1: stderr all=off uptime,level,tags

Environment Variables:
JAVA_HOME=C:\Program Files\Java\jdk1.8.0_351
PATH=D:\Downloads\opencv\build\x64\vc16\bin;D:\apache-tomcat-8.5.93;D:\apache-tomcat-8.5.93;C:\Program Files\Java\jre1.8.0_351;C:\Program Files\Java\jdk1.8.0_351;C:\Program Files\MySQL\MySQL Server 5.7\bin;C:\Program Files\NVIDIA GPU Computing Toolkit\CUDA\v11.7\bin;C:\Program Files\NVIDIA GPU Computing Toolkit\CUDA\v11.7\libnvvp;D:\Anaconda3;D:\Anaconda3\Library\mingw-w64\bin;D:\Anaconda3\Library\usr\bin;D:\Anaconda3\Library\bin;D:\Anaconda3\Scripts;D:\Python\Scripts\;D:\Python\;D:\jdk-19.0.1\bin;D:\java;D:\java\bin;D:\VMware Workstation\bin\;C:\Windows\system32;C:\Windows;C:\Windows\System32\Wbem;C:\Windows\System32\WindowsPowerShell\v1.0\;C:\Windows\System32\OpenSSH\;C:\Program Files (x86)\NVIDIA Corporation\PhysX\Common;C:\Program Files\NVIDIA Corporation\NVIDIA NvDLISR;C:\WINDOWS\system32;C:\WINDOWS;C:\WINDOWS\System32\Wbem;C:\WINDOWS\System32\WindowsPowerShell\v1.0\;C:\WINDOWS\System32\OpenSSH\;C:\Program Files\Microsoft SQL Server\150\Tools\Binn\;C:\Program Files\Microsoft SQL Server\Client SDK\ODBC\170\Tools\Binn\;C:\Program Files\dotnet\;D:\Tools\CodeBlocks\MinGW\bin;D:\phpstudy_pro\Extensions\php\php7.3.4nts\php.exe;C:\Program Files (x86)\Common Files\Oracle\Java\javapath;D:\openCV\opencv\build\x64\vc14\bin;C:\Program Files\NVIDIA Corporation\Nsight Compute 2022.2.0\;D:\Anaconda3\envs\new1\Scripts;D:\apache-maven-3.6.1\bin;D:\Git\cmd;D:\tree-1.5.2.2-bin\bin;D:\XShell\;D:\MatLab\bin;D:\微信web开发者工具\dll;D:\Redis-x64-3.2.100;D:\Erlang OTP_26.1\bin;C:\Users\zhang\AppData\Local\Microsoft\WindowsApps;;D:\Tools\Microsoft VS Code\bin;C:\Users\zhang\.dotnet\tools;D:\Tools\PhpStorm 2022.2.3\bin;;D:\Tools\PyCharm 2022.2.4\bin;;D:\Tools\CLion 2022.2.4\bin;;D:\Tools\IntelliJ IDEA 2022.2.4\bin;;D:\Tools\GoLand 2022.3\bin;;D:\Tools\WebStorm 2022.3\bin;;D:\Fiddler;D:\cpolar\;D:\Tools\IntelliJ IDEA 2024.1.1\bin;
USERNAME=zhang
OS=Windows_NT
PROCESSOR_IDENTIFIER=Intel64 Family 6 Model 154 Stepping 3, GenuineIntel
TMP=C:\Users\zhang\AppData\Local\Temp
TEMP=C:\Users\zhang\AppData\Local\Temp



Periodic native trim disabled


---------------  S Y S T E M  ---------------

OS:
 Windows 11 , 64 bit Build 22621 (10.0.22621.3527)
OS uptime: 0 days 4:22 hours

CPU: total 20 (initial active 20) (10 cores per cpu, 2 threads per core) family 6 model 154 stepping 3 microcode 0x41c, cx8, cmov, fxsr, ht, mmx, 3dnowpref, sse, sse2, sse3, ssse3, sse4.1, sse4.2, popcnt, lzcnt, tsc, tscinvbit, avx, avx2, aes, erms, clmul, bmi1, bmi2, adx, sha, fma, vzeroupper, clflush, clflushopt, clwb
Processor Information for processor 0
  Max Mhz: 2300, Current Mhz: 2300, Mhz Limit: 2300
Processor Information for processor 1
  Max Mhz: 2300, Current Mhz: 2300, Mhz Limit: 2300
Processor Information for processor 2
  Max Mhz: 2300, Current Mhz: 2300, Mhz Limit: 2300
Processor Information for processor 3
  Max Mhz: 2300, Current Mhz: 2300, Mhz Limit: 2300
Processor Information for processor 4
  Max Mhz: 2300, Current Mhz: 2300, Mhz Limit: 2300
Processor Information for processor 5
  Max Mhz: 2300, Current Mhz: 2300, Mhz Limit: 2300
Processor Information for processor 6
  Max Mhz: 2300, Current Mhz: 2300, Mhz Limit: 2300
Processor Information for processor 7
  Max Mhz: 2300, Current Mhz: 2300, Mhz Limit: 2300
Processor Information for processor 8
  Max Mhz: 2300, Current Mhz: 2300, Mhz Limit: 2300
Processor Information for processor 9
  Max Mhz: 2300, Current Mhz: 2300, Mhz Limit: 2300
Processor Information for processor 10
  Max Mhz: 2300, Current Mhz: 2300, Mhz Limit: 2300
Processor Information for processor 11
  Max Mhz: 2300, Current Mhz: 2300, Mhz Limit: 2300
Processor Information for processor 12
  Max Mhz: 2300, Current Mhz: 1700, Mhz Limit: 1679
Processor Information for processor 13
  Max Mhz: 2300, Current Mhz: 1700, Mhz Limit: 1679
Processor Information for processor 14
  Max Mhz: 2300, Current Mhz: 1700, Mhz Limit: 1679
Processor Information for processor 15
  Max Mhz: 2300, Current Mhz: 1700, Mhz Limit: 1679
Processor Information for processor 16
  Max Mhz: 2300, Current Mhz: 1700, Mhz Limit: 1679
Processor Information for processor 17
  Max Mhz: 2300, Current Mhz: 1500, Mhz Limit: 1679
Processor Information for processor 18
  Max Mhz: 2300, Current Mhz: 1500, Mhz Limit: 1679
Processor Information for processor 19
  Max Mhz: 2300, Current Mhz: 1500, Mhz Limit: 1679

Memory: 4k page, system-wide physical 16076M (2438M free)
TotalPageFile size 24447M (AvailPageFile size 206M)
current process WorkingSet (physical memory assigned to process): 11M, peak: 11M
current process commit charge ("private bytes"): 70M, peak: 322M

vm_info: OpenJDK 64-Bit Server VM (17.0.11+9-LTS) for windows-amd64 JRE (17.0.11+9-LTS), built on Apr 10 2024 22:12:24 by "Administrator" with MS VC++ 16.10 / 16.11 (VS2019)

END.
